  Жилинский_2_Массивы.cpp
C:\Users\Vlad Gitler\Desktop\projects c++\Project92\Project2\Жилинский_2_Массивы.cpp(29,12): warning C4244: 'argument': conversion from 'time_t' to 'unsigned int', possible loss of data
C:\Users\Vlad Gitler\Desktop\projects c++\Project92\Project2\Жилинский_2_Массивы.cpp(34,11): warning C4566: character represented by universal-character-name '\u0412' cannot be represented in the current code page (1252)
C:\Users\Vlad Gitler\Desktop\projects c++\Project92\Project2\Жилинский_2_Массивы.cpp(34,11): warning C4566: character represented by universal-character-name '\u0432' cannot be represented in the current code page (1252)
C:\Users\Vlad Gitler\Desktop\projects c++\Project92\Project2\Жилинский_2_Массивы.cpp(34,11): warning C4566: character represented by universal-character-name '\u0435' cannot be represented in the current code page (1252)
C:\Users\Vlad Gitler\Desktop\projects c++\Project92\Project2\Жилинский_2_Массивы.cpp(34,11): warning C4566: character represented by universal-character-name '\u0434' cannot be represented in the current code page (1252)
C:\Users\Vlad Gitler\Desktop\projects c++\Project92\Project2\Жилинский_2_Массивы.cpp(34,11): warning C4566: character represented by universal-character-name '\u0438' cannot be represented in the current code page (1252)
C:\Users\Vlad Gitler\Desktop\projects c++\Project92\Project2\Жилинский_2_Массивы.cpp(34,11): warning C4566: character represented by universal-character-name '\u0442' cannot be represented in the current code page (1252)
C:\Users\Vlad Gitler\Desktop\projects c++\Project92\Project2\Жилинский_2_Массивы.cpp(34,11): warning C4566: character represented by universal-character-name '\u044D' cannot be represented in the current code page (1252)
C:\Users\Vlad Gitler\Desktop\projects c++\Project92\Project2\Жилинский_2_Массивы.cpp(34,11): warning C4566: character represented by universal-character-name '\u043B' cannot be represented in the current code page (1252)
C:\Users\Vlad Gitler\Desktop\projects c++\Project92\Project2\Жилинский_2_Массивы.cpp(34,11): warning C4566: character represented by universal-character-name '\u043C' cannot be represented in the current code page (1252)
C:\Users\Vlad Gitler\Desktop\projects c++\Project92\Project2\Жилинский_2_Массивы.cpp(34,11): warning C4566: character represented by universal-character-name '\u043D' cannot be represented in the current code page (1252)
C:\Users\Vlad Gitler\Desktop\projects c++\Project92\Project2\Жилинский_2_Массивы.cpp(34,11): warning C4566: character represented by universal-character-name '\u0430' cannot be represented in the current code page (1252)
C:\Users\Vlad Gitler\Desktop\projects c++\Project92\Project2\Жилинский_2_Массивы.cpp(34,11): warning C4566: character represented by universal-character-name '\u0441' cannot be represented in the current code page (1252)
C:\Users\Vlad Gitler\Desktop\projects c++\Project92\Project2\Жилинский_2_Массивы.cpp(39,15): warning C4566: character represented by universal-character-name '\u0412' cannot be represented in the current code page (1252)
C:\Users\Vlad Gitler\Desktop\projects c++\Project92\Project2\Жилинский_2_Массивы.cpp(39,15): warning C4566: character represented by universal-character-name '\u0432' cannot be represented in the current code page (1252)
C:\Users\Vlad Gitler\Desktop\projects c++\Project92\Project2\Жилинский_2_Массивы.cpp(39,15): warning C4566: character represented by universal-character-name '\u0435' cannot be represented in the current code page (1252)
C:\Users\Vlad Gitler\Desktop\projects c++\Project92\Project2\Жилинский_2_Массивы.cpp(39,15): warning C4566: character represented by universal-character-name '\u0434' cannot be represented in the current code page (1252)
C:\Users\Vlad Gitler\Desktop\projects c++\Project92\Project2\Жилинский_2_Массивы.cpp(39,15): warning C4566: character represented by universal-character-name '\u0438' cannot be represented in the current code page (1252)
C:\Users\Vlad Gitler\Desktop\projects c++\Project92\Project2\Жилинский_2_Массивы.cpp(39,15): warning C4566: character represented by universal-character-name '\u0442' cannot be represented in the current code page (1252)
C:\Users\Vlad Gitler\Desktop\projects c++\Project92\Project2\Жилинский_2_Массивы.cpp(39,15): warning C4566: character represented by universal-character-name '\u0440' cannot be represented in the current code page (1252)
C:\Users\Vlad Gitler\Desktop\projects c++\Project92\Project2\Жилинский_2_Массивы.cpp(39,15): warning C4566: character represented by universal-character-name '\u0443' cannot be represented in the current code page (1252)
C:\Users\Vlad Gitler\Desktop\projects c++\Project92\Project2\Жилинский_2_Массивы.cpp(39,15): warning C4566: character represented by universal-character-name '\u0433' cannot be represented in the current code page (1252)
C:\Users\Vlad Gitler\Desktop\projects c++\Project92\Project2\Жилинский_2_Массивы.cpp(39,15): warning C4566: character represented by universal-character-name '\u043E' cannot be represented in the current code page (1252)
C:\Users\Vlad Gitler\Desktop\projects c++\Project92\Project2\Жилинский_2_Массивы.cpp(39,15): warning C4566: character represented by universal-character-name '\u0439' cannot be represented in the current code page (1252)
  Project2.vcxproj -> C:\Users\Vlad Gitler\Desktop\projects c++\Project92\Debug\Project2.exe
